Arguments: 
  /home/ubuntu/.nvm/versions/node/v6.11.2/bin/node /home/ubuntu/.nvm/versions/node/v6.11.2/bin/yarn dev

PATH: 
  /home/ubuntu/.nvm/versions/node/v6.11.2/bin:/usr/local/rvm/gems/ruby-2.4.0/bin:/usr/local/rvm/gems/ruby-2.4.0@global/bin:/usr/local/rvm/rubies/ruby-2.4.0/bin:/mnt/shared/bin:/home/ubuntu/workspace/node_modules/.bin:/home/ubuntu/bin:/usr/local/sbin:/usr/local/bin:/usr/sbin:/usr/bin:/sbin:/bin:/mnt/shared/sbin:/opt/gitl:/opt/go/bin:/mnt/shared/c9/app.nw/bin:/usr/local/rvm/bin

Yarn version: 
  1.5.1

Node version: 
  6.11.2

Platform: 
  linux x64

npm manifest: 
  {
    "dependencies": {
      "jquery.fancytree": "^2.28.1"
    }
  }

yarn manifest: 
  No manifest

Lockfile: 
  # THIS IS AN AUTOGENERATED FILE. DO NOT EDIT THIS FILE DIRECTLY.
  # yarn lockfile v1
  
  
  jquery.fancytree@^2.28.1:
    version "2.28.1"
    resolved "https://registry.yarnpkg.com/jquery.fancytree/-/jquery.fancytree-2.28.1.tgz#0ff40370ba630be531a2f2f2a57071c6101890ab"
    dependencies:
      jquery ">=1.9"
  
  jquery@>=1.9:
    version "3.3.1"
    resolved "https://registry.yarnpkg.com/jquery/-/jquery-3.3.1.tgz#958ce29e81c9790f31be7792df5d4d95fc57fbca"

Trace: 
  Error: Command "dev" not found.
      at MessageError.Error (native)
      at new MessageError (/home/ubuntu/.nvm/versions/node/v6.11.2/lib/node_modules/yarn/lib/cli.js:186:110)
      at /home/ubuntu/.nvm/versions/node/v6.11.2/lib/node_modules/yarn/lib/cli.js:87307:17
      at next (native)
      at step (/home/ubuntu/.nvm/versions/node/v6.11.2/lib/node_modules/yarn/lib/cli.js:98:30)
      at /home/ubuntu/.nvm/versions/node/v6.11.2/lib/node_modules/yarn/lib/cli.js:116:14
      at Promise.F (/home/ubuntu/.nvm/versions/node/v6.11.2/lib/node_modules/yarn/lib/cli.js:23451:28)
      at /home/ubuntu/.nvm/versions/node/v6.11.2/lib/node_modules/yarn/lib/cli.js:95:12
      at runCommand (/home/ubuntu/.nvm/versions/node/v6.11.2/lib/node_modules/yarn/lib/cli.js:87312:22)
      at Object.<anonymous> (/home/ubuntu/.nvm/versions/node/v6.11.2/lib/node_modules/yarn/lib/cli.js:87412:14)
